<?xml version="1.0" encoding="UTF-8"?>
<!-- Generated by org.testng.reporters.JUnitReportReporter -->
<testsuite name="lab.marioTest" tests="1" time="14.875" ignored="0" failures="0" timestamp="08 Mar 2017 17:25:19 GMT" skipped="0" hostname="sai" errors="0">
  <testcase name="mainh" time="14.875" classname="lab.marioTest"/>
</testsuite> <!-- lab.marioTest -->
