<?xml version="1.0" encoding="UTF-8"?>
<!-- Generated by org.testng.reporters.JUnitReportReporter -->
<testsuite name="hybridFramework.webdriver.DriverBase" tests="1" time="4.775" ignored="0" failures="0" timestamp="26 Mar 2017 07:17:50 GMT" skipped="0" hostname="sai" errors="0">
  <testcase name="mainRunner" time="4.775" classname="hybridFramework.webdriver.DriverBase"/>
</testsuite> <!-- hybridFramework.webdriver.DriverBase -->
