<?xml version="1.0" encoding="UTF-8"?>
<!-- Generated by org.testng.reporters.JUnitReportReporter -->
<testsuite name="hybridFramework.webdriver.DriverBase" tests="1" time="25.147" ignored="0" failures="0" timestamp="02 Apr 2017 06:47:29 GMT" skipped="0" hostname="sai" errors="0">
  <testcase name="mainRunner" time="25.147" classname="hybridFramework.webdriver.DriverBase"/>
</testsuite> <!-- hybridFramework.webdriver.DriverBase -->
