<?xml version="1.0" encoding="UTF-8"?>
<!-- Generated by org.testng.reporters.JUnitReportReporter -->
<testsuite name="hybridFramework.webdriver.DriverBase" tests="1" time="34.437" ignored="0" failures="0" timestamp="02 Apr 2017 07:15:17 GMT" skipped="0" hostname="sai" errors="0">
  <testcase name="mainRunner" time="34.437" classname="hybridFramework.webdriver.DriverBase"/>
</testsuite> <!-- hybridFramework.webdriver.DriverBase -->
