<?xml version="1.0" encoding="UTF-8"?>
<!-- Generated by org.testng.reporters.JUnitReportReporter -->
<testsuite name="hybridFramework.webdriver.DriverBase" tests="1" time="17.346" ignored="0" failures="0" timestamp="07 May 2017 06:11:31 GMT" skipped="0" hostname="sai" errors="0">
  <testcase name="mainRunner" time="17.346" classname="hybridFramework.webdriver.DriverBase"/>
</testsuite> <!-- hybridFramework.webdriver.DriverBase -->
