<?xml version="1.0" encoding="UTF-8"?>
<!-- Generated by org.testng.reporters.JUnitReportReporter -->
<testsuite name="hybridFramework.webdriver.DriverBase" tests="1" time="16.931" ignored="0" failures="0" timestamp="26 Apr 2017 02:05:49 GMT" skipped="0" hostname="sai" errors="0">
  <testcase name="mainRunner" time="16.931" classname="hybridFramework.webdriver.DriverBase"/>
</testsuite> <!-- hybridFramework.webdriver.DriverBase -->
