<?xml version="1.0" encoding="UTF-8"?>
<!-- Generated by org.testng.reporters.JUnitReportReporter -->
<testsuite name="hybridFramework.webdriver.DriverBase" tests="1" time="23.870" ignored="0" failures="0" timestamp="27 May 2017 14:00:07 GMT" skipped="0" hostname="sai" errors="0">
  <testcase name="mainRunner" time="23.870" classname="hybridFramework.webdriver.DriverBase"/>
</testsuite> <!-- hybridFramework.webdriver.DriverBase -->
