<?xml version="1.0" encoding="UTF-8"?>
<!-- Generated by org.testng.reporters.JUnitReportReporter -->
<testsuite name="hybridFramework.webdriver.DriverBaseTest" tests="1" time="24.955" ignored="0" failures="0" timestamp="28 May 2017 13:40:40 GMT" skipped="0" hostname="sai" errors="0">
  <testcase name="mainRunner" time="24.955" classname="hybridFramework.webdriver.DriverBaseTest"/>
</testsuite> <!-- hybridFramework.webdriver.DriverBaseTest -->
